TN:
SF:/Users/nishikawatadashi/RubymineProjects/examin/client/src/components/HelloWorld.vue
FNF:0
FNH:0
DA:90,1
LF:1
LH:1
BRF:0
BRH:0
end_of_record
TN:
SF:/Users/nishikawatadashi/RubymineProjects/examin/client/src/App.vue
FNF:0
FNH:0
LF:0
LH:0
BRF:0
BRH:0
end_of_record
TN:
SF:/Users/nishikawatadashi/RubymineProjects/examin/client/src/api/index.js
FNF:0
FNH:0
LF:0
LH:0
BRF:0
BRH:0
end_of_record
TN:
SF:/Users/nishikawatadashi/RubymineProjects/examin/client/src/routes/index.js
FNF:0
FNH:0
DA:5,1
LF:1
LH:1
BRF:0
BRH:0
end_of_record
TN:
SF:/Users/nishikawatadashi/RubymineProjects/examin/client/src/sotre/index.js
FNF:0
FNH:0
DA:7,1
LF:1
LH:1
BRF:0
BRH:0
end_of_record
TN:
SF:/Users/nishikawatadashi/RubymineProjects/examin/client/src/sotre/actions.js
FNF:0
FNH:0
LF:0
LH:0
BRF:0
BRH:0
end_of_record
TN:
SF:/Users/nishikawatadashi/RubymineProjects/examin/client/src/sotre/getters.js
FNF:0
FNH:0
LF:0
LH:0
BRF:0
BRH:0
end_of_record
TN:
SF:/Users/nishikawatadashi/RubymineProjects/examin/client/src/sotre/mutations.js
FNF:0
FNH:0
LF:0
LH:0
BRF:0
BRH:0
end_of_record
TN:
SF:/Users/nishikawatadashi/RubymineProjects/examin/client/src/sotre/mutation-types.js
FNF:0
FNH:0
LF:0
LH:0
BRF:0
BRH:0
end_of_record
